<?xml version="1.0" encoding="UTF-8"?>
<!-- Generated by org.testng.reporters.JUnitReportReporter -->
<testsuite skipped="0" hostname="DESKTOP-8CHGMCE" name="TestScripts.TC01_UserRegistration" tests="1" failures="0" timestamp="2020-04-24T17:27:26 IST" time="5.660" errors="0">
  <testcase name="registration" time="5.660" classname="TestScripts.TC01_UserRegistration"/>
  <system-out/>
</testsuite> <!-- TestScripts.TC01_UserRegistration -->
