<?xml version="1.0" encoding="UTF-8"?>
<!-- Generated by org.testng.reporters.JUnitReportReporter -->
<testsuite skipped="0" hostname="DESKTOP-8CHGMCE" name="TestScripts.Login" tests="1" failures="0" timestamp="2020-04-24T17:08:15 IST" time="8.928" errors="0">
  <testcase name="registration" time="8.928" classname="TestScripts.Login"/>
  <system-out/>
</testsuite> <!-- TestScripts.Login -->
